<?xml version="1.0" encoding="UTF-8"?>
<!-- Generated by org.testng.reporters.JUnitReportReporter -->
<testsuite hostname="Francis" failures="0" tests="9" name="com.adactingLoginTest.LoginTest" time="75.027" errors="0" timestamp="2024-12-18T13:48:56 IST" skipped="0">
  <testcase classname="com.adactingLoginTest.LoginTest" name="tc_001" time="7.050"/>
  <testcase classname="com.adactingLoginTest.LoginTest" name="tc_001" time="6.848"/>
  <testcase classname="com.adactingLoginTest.LoginTest" name="tc_001" time="6.514"/>
  <testcase classname="com.adactingLoginTest.LoginTest" name="tc_002" time="6.635"/>
  <testcase classname="com.adactingLoginTest.LoginTest" name="tc_003" time="6.676"/>
  <testcase classname="com.adactingLoginTest.LoginTest" name="tc_004" time="6.342"/>
  <testcase classname="com.adactingLoginTest.LoginTest" name="tc_005" time="18.500"/>
  <testcase classname="com.adactingLoginTest.LoginTest" name="tc_006" time="8.916"/>
  <testcase classname="com.adactingLoginTest.LoginTest" name="tc_007" time="7.546"/>
</testsuite> <!-- com.adactingLoginTest.LoginTest -->
