<?xml version="1.0" encoding="UTF-8"?>
<!-- Generated by org.testng.reporters.JUnitReportReporter -->
<testsuite hostname="Francis" failures="0" tests="3" name="com.adactingLoginTest.LoginTest" time="24.402" errors="0" timestamp="2024-12-18T11:07:13 IST" skipped="0">
  <testcase classname="com.adactingLoginTest.LoginTest" name="tc_001" time="9.099"/>
  <testcase classname="com.adactingLoginTest.LoginTest" name="tc_001" time="7.337"/>
  <testcase classname="com.adactingLoginTest.LoginTest" name="tc_001" time="7.966"/>
</testsuite> <!-- com.adactingLoginTest.LoginTest -->
