<?xml version="1.0" encoding="UTF-8"?>
<!-- Generated by org.testng.reporters.JUnitReportReporter -->
<testsuite hostname="Francis" failures="0" tests="5" name="com.adactingLoginTest.LoginTest" time="19.515" errors="0" timestamp="2024-12-18T12:49:26 IST" skipped="4">
  <testcase classname="com.adactingLoginTest.LoginTest" name="tc_005" time="19.515"/>
  <testcase classname="com.adactingLoginTest.LoginTest" name="tc_004">
    <skipped/>
  </testcase> <!-- tc_004 -->
  <testcase classname="com.adactingLoginTest.LoginTest" name="tc_002">
    <skipped/>
  </testcase> <!-- tc_002 -->
  <testcase classname="com.adactingLoginTest.LoginTest" name="tc_003">
    <skipped/>
  </testcase> <!-- tc_003 -->
  <testcase classname="com.adactingLoginTest.LoginTest" name="tc_001">
    <skipped/>
  </testcase> <!-- tc_001 -->
</testsuite> <!-- com.adactingLoginTest.LoginTest -->
